# JRE version: Java(TM) SE Runtime Environment (8.0_241-b07) (build 1.8.0_241-b07)
# Java VM: Java HotSpot(TM) 64-Bit Server VM (25.241-b07 mixed mode windows-amd64 compressed oops)
Heap:
 PSYoungGen      total 261632K, used 156050K [0x00000000e0000000, 0x00000000f1b00000, 0x0000000100000000)
  eden space 235520K, 64% used [0x00000000e0000000,0x00000000e937cb80,0x00000000ee600000)
  from space 26112K, 19% used [0x00000000f0180000,0x00000000f0668000,0x00000000f1b00000)
  to   space 27136K, 0% used [0x00000000ee600000,0x00000000ee600000,0x00000000f0080000)
 ParOldGen       total 104448K, used 48514K [0x00000000a0000000, 0x00000000a6600000, 0x00000000e0000000)
  object space 104448K, 46% used [0x00000000a0000000,0x00000000a2f60918,0x00000000a6600000)
 Metaspace       used 95138K, capacity 99495K, committed 99712K, reserved 1136640K
  class space    used 12546K, capacity 13369K, committed 13440K, reserved 1048576K
GC Heap History (10 events):
Event: 1189.657 GC heap before
{Heap before GC invocations=26 (full 3):
 PSYoungGen      total 196096K, used 190330K [0x00000000e0000000, 0x00000000ee400000, 0x0000000100000000)
  eden space 176128K, 100% used [0x00000000e0000000,0x00000000eac00000,0x00000000eac00000)
  from space 19968K, 71% used [0x00000000ec000000,0x00000000ecddeaf8,0x00000000ed380000)
  to   space 20480K, 0% used [0x00000000eac00000,0x00000000eac00000,0x00000000ec000000)
 ParOldGen       total 74752K, used 44004K [0x00000000a0000000, 0x00000000a4900000, 0x00000000e0000000)
  object space 74752K, 58% used [0x00000000a0000000,0x00000000a2af93e0,0x00000000a4900000)
 Metaspace       used 90846K, capacity 94814K, committed 94976K, reserved 1132544K
  class space    used 11974K, capacity 12767K, committed 12800K, reserved 1048576K
Event: 1189.927 GC heap after
Heap after GC invocations=26 (full 3):
 PSYoungGen      total 196608K, used 20452K [0x00000000e0000000, 0x00000000efd80000, 0x0000000100000000)
  eden space 176128K, 0% used [0x00000000e0000000,0x00000000e0000000,0x00000000eac00000)
  from space 20480K, 99% used [0x00000000eac00000,0x00000000ebff93e0,0x00000000ec000000)
  to   space 25088K, 0% used [0x00000000ee500000,0x00000000ee500000,0x00000000efd80000)
 ParOldGen       total 74752K, used 47164K [0x00000000a0000000, 0x00000000a4900000, 0x00000000e0000000)
  object space 74752K, 63% used [0x00000000a0000000,0x00000000a2e0f398,0x00000000a4900000)
 Metaspace       used 90846K, capacity 94814K, committed 94976K, reserved 1132544K
  class space    used 11974K, capacity 12767K, committed 12800K, reserved 1048576K
}
Event: 1197.342 GC heap before
{Heap before GC invocations=27 (full 3):
 PSYoungGen      total 196608K, used 196580K [0x00000000e0000000, 0x00000000efd80000, 0x0000000100000000)
  eden space 176128K, 100% used [0x00000000e0000000,0x00000000eac00000,0x00000000eac00000)
  from space 20480K, 99% used [0x00000000eac00000,0x00000000ebff93e0,0x00000000ec000000)
  to   space 25088K, 0% used [0x00000000ee500000,0x00000000ee500000,0x00000000efd80000)
 ParOldGen       total 74752K, used 47164K [0x00000000a0000000, 0x00000000a4900000, 0x00000000e0000000)
  object space 74752K, 63% used [0x00000000a0000000,0x00000000a2e0f398,0x00000000a4900000)
 Metaspace       used 92681K, capacity 96782K, committed 97024K, reserved 1132544K
  class space    used 12234K, capacity 13027K, committed 13056K, reserved 1048576K
Event: 1197.474 GC heap after
Heap after GC invocations=27 (full 3):
 PSYoungGen      total 231424K, used 23719K [0x00000000e0000000, 0x00000000f0300000, 0x0000000100000000)
  eden space 206336K, 0% used [0x00000000e0000000,0x00000000e0000000,0x00000000ec980000)
  from space 25088K, 94% used [0x00000000ee500000,0x00000000efc29f68,0x00000000efd80000)
  to   space 28160K, 0% used [0x00000000ec980000,0x00000000ec980000,0x00000000ee500000)
 ParOldGen       total 74752K, used 54102K [0x00000000a0000000, 0x00000000a4900000, 0x00000000e0000000)
  object space 74752K, 72% used [0x00000000a0000000,0x00000000a34d5ae8,0x00000000a4900000)
 Metaspace       used 92681K, capacity 96782K, committed 97024K, reserved 1132544K
  class space    used 12234K, capacity 13027K, committed 13056K, reserved 1048576K
}
Event: 1203.768 GC heap before
{Heap before GC invocations=28 (full 3):
 PSYoungGen      total 231424K, used 136772K [0x00000000e0000000, 0x00000000f0300000, 0x0000000100000000)
  eden space 206336K, 54% used [0x00000000e0000000,0x00000000e6e67420,0x00000000ec980000)
  from space 25088K, 94% used [0x00000000ee500000,0x00000000efc29f68,0x00000000efd80000)
  to   space 28160K, 0% used [0x00000000ec980000,0x00000000ec980000,0x00000000ee500000)
 ParOldGen       total 74752K, used 54102K [0x00000000a0000000, 0x00000000a4900000, 0x00000000e0000000)
  object space 74752K, 72% used [0x00000000a0000000,0x00000000a34d5ae8,0x00000000a4900000)
 Metaspace       used 94273K, capacity 98581K, committed 98600K, reserved 1134592K
  class space    used 12495K, capacity 13312K, committed 13312K, reserved 1048576K
Event: 1203.905 GC heap after
Heap after GC invocations=28 (full 3):
 PSYoungGen      total 234496K, used 6779K [0x00000000e0000000, 0x00000000f1c80000, 0x0000000100000000)
  eden space 206336K, 0% used [0x00000000e0000000,0x00000000e0000000,0x00000000ec980000)
  from space 28160K, 24% used [0x00000000ec980000,0x00000000ed01eed8,0x00000000ee500000)
  to   space 27648K, 0% used [0x00000000f0180000,0x00000000f0180000,0x00000000f1c80000)
 ParOldGen       total 74752K, used 54110K [0x00000000a0000000, 0x00000000a4900000, 0x00000000e0000000)
  object space 74752K, 72% used [0x00000000a0000000,0x00000000a34d7ae8,0x00000000a4900000)
 Metaspace       used 94273K, capacity 98581K, committed 98600K, reserved 1134592K
  class space    used 12495K, capacity 13312K, committed 13312K, reserved 1048576K
}
Event: 1203.905 GC heap before
{Heap before GC invocations=29 (full 4):
 PSYoungGen      total 234496K, used 6779K [0x00000000e0000000, 0x00000000f1c80000, 0x0000000100000000)
  eden space 206336K, 0% used [0x00000000e0000000,0x00000000e0000000,0x00000000ec980000)
  from space 28160K, 24% used [0x00000000ec980000,0x00000000ed01eed8,0x00000000ee500000)
  to   space 27648K, 0% used [0x00000000f0180000,0x00000000f0180000,0x00000000f1c80000)
 ParOldGen       total 74752K, used 54110K [0x00000000a0000000, 0x00000000a4900000, 0x00000000e0000000)
  object space 74752K, 72% used [0x00000000a0000000,0x00000000a34d7ae8,0x00000000a4900000)
 Metaspace       used 94273K, capacity 98581K, committed 98600K, reserved 1134592K
  class space    used 12495K, capacity 13312K, committed 13312K, reserved 1048576K
Event: 1205.310 GC heap after
Heap after GC invocations=29 (full 4):
 PSYoungGen      total 234496K, used 0K [0x00000000e0000000, 0x00000000f1c80000, 0x0000000100000000)
  eden space 206336K, 0% used [0x00000000e0000000,0x00000000e0000000,0x00000000ec980000)
  from space 28160K, 0% used [0x00000000ec980000,0x00000000ec980000,0x00000000ee500000)
  to   space 27648K, 0% used [0x00000000f0180000,0x00000000f0180000,0x00000000f1c80000)
 ParOldGen       total 104448K, used 48506K [0x00000000a0000000, 0x00000000a6600000, 0x00000000e0000000)
  object space 104448K, 46% used [0x00000000a0000000,0x00000000a2f5e918,0x00000000a6600000)
 Metaspace       used 94186K, capacity 98333K, committed 98600K, reserved 1134592K
  class space    used 12466K, capacity 13267K, committed 13312K, reserved 1048576K
}
Event: 6466.711 GC heap before
{Heap before GC invocations=30 (full 4):
 PSYoungGen      total 234496K, used 206336K [0x00000000e0000000, 0x00000000f1c80000, 0x0000000100000000)
  eden space 206336K, 100% used [0x00000000e0000000,0x00000000ec980000,0x00000000ec980000)
  from space 28160K, 0% used [0x00000000ec980000,0x00000000ec980000,0x00000000ee500000)
  to   space 27648K, 0% used [0x00000000f0180000,0x00000000f0180000,0x00000000f1c80000)
 ParOldGen       total 104448K, used 48506K [0x00000000a0000000, 0x00000000a6600000, 0x00000000e0000000)
  object space 104448K, 46% used [0x00000000a0000000,0x00000000a2f5e918,0x00000000a6600000)
 Metaspace       used 94988K, capacity 99293K, committed 99456K, reserved 1134592K
  class space    used 12545K, capacity 13368K, committed 13440K, reserved 1048576K
Event: 6467.180 GC heap after
Heap after GC invocations=30 (full 4):
 PSYoungGen      total 261632K, used 5024K [0x00000000e0000000, 0x00000000f1b00000, 0x0000000100000000)
  eden space 235520K, 0% used [0x00000000e0000000,0x00000000e0000000,0x00000000ee600000)
  from space 26112K, 19% used [0x00000000f0180000,0x00000000f0668000,0x00000000f1b00000)
  to   space 27136K, 0% used [0x00000000ee600000,0x00000000ee600000,0x00000000f0080000)
 ParOldGen       total 104448K, used 48514K [0x00000000a0000000, 0x00000000a6600000, 0x00000000e0000000)
  object space 104448K, 46% used [0x00000000a0000000,0x00000000a2f60918,0x00000000a6600000)
 Metaspace       used 94988K, capacity 99293K, committed 99456K, reserved 1134592K
  class space    used 12545K, capacity 13368K, committed 13440K, reserved 1048576K
}

